[debug] [2022-04-02T12:21:06.778Z] ----------------------------------------------------------------------
[debug] [2022-04-02T12:21:06.780Z] Command:       C:\Program Files\nodejs\node.exe C:\Users\Lenovo\AppData\Roaming\npm\node_modules\firebase-tools\lib\bin\firebase.js init
[debug] [2022-04-02T12:21:06.780Z] CLI Version:   10.5.0
[debug] [2022-04-02T12:21:06.780Z] Platform:      win32
[debug] [2022-04-02T12:21:06.780Z] Node Version:  v16.14.0
[debug] [2022-04-02T12:21:06.781Z] Time:          Sat Apr 02 2022 17:51:06 GMT+0530 (India Standard Time)
[debug] [2022-04-02T12:21:06.782Z] ----------------------------------------------------------------------
[debug] 
[debug] [2022-04-02T12:21:06.845Z] > command requires scopes: ["email","openid","https://www.googleapis.com/auth/cloudplatformprojects.readonly","https://www.googleapis.com/auth/firebase","https://www.googleapis.com/auth/cloud-platform"]
[debug] [2022-04-02T12:21:06.845Z] > authorizing via signed-in user (meenatchisoundari16@gmail.com)
[info] 
     ######## #### ########  ######## ########     ###     ######  ########
     ##        ##  ##     ## ##       ##     ##  ##   ##  ##       ##
     ######    ##  ########  ######   ########  #########  ######  ######
     ##        ##  ##    ##  ##       ##     ## ##     ##       ## ##
     ##       #### ##     ## ######## ########  ##     ##  ######  ########

You're about to initialize a Firebase project in this directory:

  C:\Users\Lenovo\demoe

Before we get started, keep in mind:

  * You are initializing within an existing Firebase project directory

[info] 
=== Project Setup
[info] 
[info] First, let's associate this project directory with a Firebase project.
[info] You can create multiple project aliases by running firebase use --add, 
[info] but for now we'll just set up a default project.
[info] 
[debug] [2022-04-02T12:21:11.287Z] Using project from CLI flag: jerusha-c3352
[debug] [2022-04-02T12:21:11.291Z] >>> [apiv2][query] GET https://firebase.googleapis.com/v1beta1/projects/jerusha-c3352 [none]
[debug] [2022-04-02T12:21:11.842Z] <<< [apiv2][status] GET https://firebase.googleapis.com/v1beta1/projects/jerusha-c3352 200
[debug] [2022-04-02T12:21:11.842Z] <<< [apiv2][body] GET https://firebase.googleapis.com/v1beta1/projects/jerusha-c3352 {"projectId":"jerusha-c3352","projectNumber":"669384036045","displayName":"jerusha","name":"projects/jerusha-c3352","resources":{"hostingSite":"jerusha-c3352","realtimeDatabaseInstance":"jerusha-c3352-default-rtdb"},"state":"ACTIVE"}
[info] i  Using project jerusha-c3352 (jerusha) 
[info] 
=== Hosting Setup
[info] 
[info] Your public directory is the folder (relative to your project directory) that
[info] will contain Hosting assets to be uploaded with firebase deploy. If you
[info] have a build process for your assets, use your build's output directory.
[info] 
